<?xml version="1.0" encoding="utf-8"?><testsuites name="pytest tests"><testsuite name="pytest" errors="0" failures="0" skipped="0" tests="12" time="2.852" timestamp="2026-09-18T16:56:33.265225+00:00" hostname="agent-env-b5f6a767-a964-4977-a413-9b1c11724b68"><testcase classname="tests.test_image_validation.TestAcceptValidBase64" name="test_create_with_raw_base64_stored_intact" time="0.992" /><testcase classname="tests.test_image_validation.TestRejectCorruptImages" name="test_reject_short_raw_base64_file_not_found" time="0.901" /><testcase classname="tests.test_image_validation.TestRejectCorruptImages" name="test_reject_short_data_uri" time="0.111" /><testcase classname="tests.test_image_validation.TestAcceptValidBase64" name="test_create_with_data_uri_strips_prefix" time="0.150" /><testcase classname="tests.test_image_validation.TestRejectCorruptImages" name="test_reject_http_scheme" time="0.064" /><testcase classname="tests.test_image_validation.TestAcceptValidBase64" name="test_empty_strings_are_filtered" time="0.247" /><testcase classname="tests.test_image_validation.TestPutEnforcesValidation" name="test_put_rejects_short_base64" time="0.237" /><testcase classname="tests.test_image_validation.TestPutEnforcesValidation" name="test_put_accepts_valid_base64" time="0.248" /><testcase classname="tests.test_image_validation.TestAcceptValidBase64" name="test_all_empty_strings_allowed_no_images" time="0.262" /><testcase classname="tests.test_image_validation.TestSeededProductRegression" name="test_elight_and_cello_have_images" time="0.101" /><testcase classname="tests.test_image_validation.TestHttpsUrlDownload" name="test_https_url_downloaded_and_stored_as_base64" time="0.897" /><testcase classname="tests.test_image_validation.TestSeededProductRegression" name="test_cuo_has_empty_images" time="0.107" /></testsuite></testsuites>