<?xml version="1.0" encoding="utf-8"?><testsuites name="pytest tests"><testsuite name="pytest" errors="0" failures="0" skipped="0" tests="26" time="5.088" timestamp="2026-09-18T05:30:02.879926+00:00" hostname="agent-env-b5f6a767-a964-4977-a413-9b1c11724b68"><testcase classname="tests.test_tch_backend.TestApprovalFlow" name="test_registration_creates_pending_customer" time="0.662" /><testcase classname="tests.test_tch_backend.TestApprovalFlow" name="test_pending_customer_orders_get_forbidden_message" time="0.186" /><testcase classname="tests.test_tch_backend.TestApprovalFlow" name="test_admin_lists_pending_users" time="0.353" /><testcase classname="tests.test_tch_backend.TestProductFilters" name="test_min_max_price" time="1.234" /><testcase classname="tests.test_tch_backend.TestApprovalFlow" name="test_non_admin_cannot_list_users" time="0.060" /><testcase classname="tests.test_tch_backend.TestProductFilters" name="test_min_rating" time="0.086" /><testcase classname="tests.test_tch_backend.TestApprovalFlow" name="test_approve_then_order_success" time="0.831" /><testcase classname="tests.test_tch_backend.TestProductFilters" name="test_available_only" time="0.252" /><testcase classname="tests.test_tch_backend.TestProductFilters" name="test_min_discount" time="0.072" /><testcase classname="tests.test_tch_backend.TestProductFilters" name="test_sort_price_low" time="0.074" /><testcase classname="tests.test_tch_backend.TestProductFilters" name="test_sort_price_high" time="0.074" /><testcase classname="tests.test_tch_backend.TestProductFilters" name="test_sort_rating" time="0.577" /><testcase classname="tests.test_tch_backend.TestApprovalFlow" name="test_reject_deletes_customer" time="0.400" /><testcase classname="tests.test_tch_backend.TestHealth" name="test_root" time="0.057" /><testcase classname="tests.test_tch_backend.TestHealth" name="test_categories_seeded" time="0.065" /><testcase classname="tests.test_tch_backend.TestHealth" name="test_admin_login_works" time="0.000" /><testcase classname="tests.test_tch_backend.TestPatchProducts" name="test_patch_stock_partial" time="0.667" /><testcase classname="tests.test_tch_backend.TestPatchProducts" name="test_patch_category_id_valid" time="0.101" /><testcase classname="tests.test_tch_backend.TestReviews" name="test_pending_user_cannot_review" time="0.755" /><testcase classname="tests.test_tch_backend.TestReviews" name="test_review_created_and_average_updated" time="0.197" /><testcase classname="tests.test_tch_backend.TestPatchProducts" name="test_patch_invalid_category_rejected" time="0.070" /><testcase classname="tests.test_tch_backend.TestPatchProducts" name="test_patch_price_gt_mrp_rejected" time="0.061" /><testcase classname="tests.test_tch_backend.TestPatchProducts" name="test_patch_requires_admin" time="0.820" /><testcase classname="tests.test_tch_backend.TestReviews" name="test_review_rating_bounds" time="0.188" /><testcase classname="tests.test_tch_backend.TestExistingRegression" name="test_unauthenticated_orders_401" time="0.059" /><testcase classname="tests.test_tch_backend.TestExistingRegression" name="test_admin_product_and_stock_update" time="0.934" /></testsuite></testsuites>