<?xml version="1.0" encoding="utf-8"?><testsuites name="pytest tests"><testsuite name="pytest" errors="0" failures="0" skipped="0" tests="3" time="1.951" timestamp="2026-09-18T03:27:38.383846+00:00" hostname="agent-env-b5f6a767-a964-4977-a413-9b1c11724b68"><testcase classname="tests.test_tch_api" name="test_public_catalog_and_admin_auth" time="0.978" /><testcase classname="tests.test_tch_api" name="test_customer_registration_and_protected_orders" time="0.485" /><testcase classname="tests.test_tch_api" name="test_orders_require_authentication" time="0.143" /></testsuite></testsuites>