<?xml version="1.0" encoding="utf-8"?><testsuites name="pytest tests"><testsuite name="pytest" errors="2" failures="0" skipped="0" tests="52" time="20.631" timestamp="2026-09-23T08:11:25.407027+00:00" hostname="agent-env-b5f6a767-a964-4977-a413-9b1c11724b68"><testcase classname="tests.test_tch_backend.TestProductFilters" name="test_min_max_price" time="1.810" /><testcase classname="tests.test_products_pagination.TestSearchFiltersSort" name="test_search_case_insensitive_substring" time="1.811" /><testcase classname="tests.test_tch_backend.TestProductFilters" name="test_min_rating" time="0.352" /><testcase classname="tests.test_products_pagination.TestSearchFiltersSort" name="test_search_description_field" time="0.153" /><testcase classname="tests.test_products_pagination.TestSearchFiltersSort" name="test_min_discount_aggregation_and_total" time="0.248" /><testcase classname="tests.test_tch_backend.TestProductFilters" name="test_available_only" time="0.233" /><testcase classname="tests.test_products_pagination.TestSearchFiltersSort" name="test_combined_filters_intersection" time="0.112" /><testcase classname="tests.test_products_pagination.TestSearchFiltersSort" name="test_sort_price_low_high" time="0.669" /><testcase classname="tests.test_tch_backend.TestProductFilters" name="test_min_discount" time="0.258" /><testcase classname="tests.test_tch_backend.TestProductFilters" name="test_sort_price_low" time="0.234" /><testcase classname="tests.test_tch_backend.TestProductFilters" name="test_sort_price_high" time="0.251" /><testcase classname="tests.test_products_pagination.TestSearchFiltersSort" name="test_sort_rating" time="0.452" /><testcase classname="tests.test_tch_backend.TestProductFilters" name="test_sort_rating" time="0.792" /><testcase classname="tests.test_products_pagination.TestSearchFiltersSort" name="test_sort_popular_and_newest" time="2.020" /><testcase classname="tests.test_tch_backend.TestApprovalFlow" name="test_registration_creates_pending_customer" time="0.357" /><testcase classname="tests.test_tch_backend.TestApprovalFlow" name="test_pending_customer_orders_get_forbidden_message" time="0.252" /><testcase classname="tests.test_tch_backend.TestApprovalFlow" name="test_admin_lists_pending_users" time="0.113" /><testcase classname="tests.test_tch_backend.TestApprovalFlow" name="test_non_admin_cannot_list_users" time="0.114" /><testcase classname="tests.test_tch_backend.TestApprovalFlow" name="test_approve_then_order_success" time="1.429" /><testcase classname="tests.test_tch_backend.TestPatchProducts" name="test_patch_stock_partial" time="0.792" /><testcase classname="tests.test_tch_backend.TestApprovalFlow" name="test_reject_deletes_customer" time="1.296" /><testcase classname="tests.test_tch_backend.TestPatchProducts" name="test_patch_category_id_valid" time="0.230" /><testcase classname="tests.test_tch_backend.TestPatchProducts" name="test_patch_invalid_category_rejected" time="0.080" /><testcase classname="tests.test_tch_backend.TestPatchProducts" name="test_patch_price_gt_mrp_rejected" time="0.078" /><testcase classname="tests.test_tch_backend.TestPatchProducts" name="test_patch_requires_admin" time="0.451" /><testcase classname="tests.test_image_validation.TestRejectCorruptImages" name="test_reject_short_raw_base64_file_not_found" time="1.108" /><testcase classname="tests.test_image_validation.TestAcceptValidBase64" name="test_create_with_raw_base64_stored_intact" time="0.869" /><testcase classname="tests.test_image_validation.TestRejectCorruptImages" name="test_reject_short_data_uri" time="0.092" /><testcase classname="tests.test_image_validation.TestRejectCorruptImages" name="test_reject_http_scheme" time="0.118" /><testcase classname="tests.test_image_validation.TestAcceptValidBase64" name="test_create_with_data_uri_strips_prefix" time="0.166" /><testcase classname="tests.test_tch_api" name="test_public_catalog_and_admin_auth" time="9.214" /><testcase classname="tests.test_image_validation.TestAcceptValidBase64" name="test_empty_strings_are_filtered" time="0.181" /><testcase classname="tests.test_image_validation.TestAcceptValidBase64" name="test_all_empty_strings_allowed_no_images" time="0.332" /><testcase classname="tests.test_tch_backend.TestHealth" name="test_root" time="0.129" /><testcase classname="tests.test_tch_backend.TestHealth" name="test_categories_seeded" time="0.202" /><testcase classname="tests.test_tch_backend.TestHealth" name="test_admin_login_works" time="0.293" /><testcase classname="tests.test_tch_backend.TestReviews" name="test_pending_user_cannot_review" time="0.909" /><testcase classname="tests.test_tch_backend.TestReviews" name="test_review_created_and_average_updated" time="0.509" /><testcase classname="tests.test_tch_backend.TestReviews" name="test_review_rating_bounds" time="0.823" /><testcase classname="tests.test_image_validation.TestPutEnforcesValidation" name="test_put_rejects_short_base64" time="0.649" /><testcase classname="tests.test_image_validation.TestPutEnforcesValidation" name="test_put_accepts_valid_base64" time="0.224" /><testcase classname="tests.test_image_validation.TestSeededProductRegression" name="test_elight_and_cello_have_images" time="0.197" /><testcase classname="tests.test_image_validation.TestSeededProductRegression" name="test_cuo_has_empty_images" time="0.122" /><testcase classname="tests.test_products_pagination.TestPaginatedShape" name="test_default_shape_and_defaults" time="0.460" /><testcase classname="tests.test_products_pagination.TestPaginatedShape" name="test_limit_clamped_to_100" time="0.181" /><testcase classname="tests.test_tch_api" name="test_customer_registration_and_protected_orders" time="0.543" /><testcase classname="tests.test_tch_api" name="test_orders_require_authentication" time="0.246" /><testcase classname="tests.test_image_validation.TestHttpsUrlDownload" name="test_https_url_downloaded_and_stored_as_base64" time="1.684" /><testcase classname="tests.test_products_pagination.TestPaginationSlicing" name="test_limit_1_offset_0" time="5.212"><error message="failed on setup with &quot;assert 503 == 200&#10; +  where 503 = &lt;Response [503]&gt;.status_code&quot;">backend/tests/test_products_pagination.py:46: in admin_headers
    assert r.status_code == 200
E   assert 503 == 200
E    +  where 503 = &lt;Response [503]&gt;.status_code</error></testcase><testcase classname="tests.test_products_pagination.TestPaginationSlicing" name="test_next_page_no_duplicates" time="0.000"><error message="failed on setup with &quot;assert 503 == 200&#10; +  where 503 = &lt;Response [503]&gt;.status_code&quot;">backend/tests/test_products_pagination.py:46: in admin_headers
    assert r.status_code == 200
E   assert 503 == 200
E    +  where 503 = &lt;Response [503]&gt;.status_code</error></testcase><testcase classname="tests.test_tch_backend.TestExistingRegression" name="test_unauthenticated_orders_401" time="0.216" /><testcase classname="tests.test_tch_backend.TestExistingRegression" name="test_admin_product_and_stock_update" time="1.082" /></testsuite></testsuites>